22/5/2020 09:50:33	This log contains information about the import schema operation into project 'Database1' on computer 'LAPTOP-3B2D6G6U' by user 'mdomi'.
22/5/2020 09:50:33	Import of database schema has started.
22/5/2020 09:50:39	Gathering database credentials
22/5/2020 09:50:39	Gathering database options
22/5/2020 09:50:39	Gathering generic database scoped configuration option
22/5/2020 09:50:39	Gathering users
22/5/2020 09:50:39	Gathering roles
22/5/2020 09:50:39	Gathering application roles
22/5/2020 09:50:39	Gathering role memberships
22/5/2020 09:50:39	Gathering filegroups
22/5/2020 09:50:39	Gathering full-text catalogs
22/5/2020 09:50:39	Gathering assemblies
22/5/2020 09:50:39	Gathering certificates
22/5/2020 09:50:39	Gathering asymmetric keys
22/5/2020 09:50:39	Gathering symmetric keys
22/5/2020 09:50:39	Gathering encrypted symmetric keys
22/5/2020 09:50:39	Gathering schemas
22/5/2020 09:50:39	Gathering XML schema collections
22/5/2020 09:50:39	Gathering user-defined data types
22/5/2020 09:50:39	Gathering user-defined types
22/5/2020 09:50:39	Gathering table types
22/5/2020 09:50:39	Gathering unique keys for table types
22/5/2020 09:50:39	Gathering primary keys for table types
22/5/2020 09:50:39	Gathering indexes for table types
22/5/2020 09:50:39	Gathering check constraints for table types
22/5/2020 09:50:39	Gathering default constraints for table types
22/5/2020 09:50:39	Gathering partition functions
22/5/2020 09:50:39	Gathering partition schemes
22/5/2020 09:50:39	Gathering functions
22/5/2020 09:50:39	Gathering encrypted functions
22/5/2020 09:50:39	Gathering aggregates
22/5/2020 09:50:39	Gathering procedures
22/5/2020 09:50:39	Gathering encrypted procedures
22/5/2020 09:50:39	Gathering tables
22/5/2020 09:50:39	Gathering primary keys
22/5/2020 09:50:39	Gathering unique constraints
22/5/2020 09:50:39	Gathering foreign keys
22/5/2020 09:50:39	Gathering default constraints
22/5/2020 09:50:39	Gathering check constraints
22/5/2020 09:50:39	Gathering views
22/5/2020 09:50:39	Gathering encrypted views
22/5/2020 09:50:39	Gathering indexes
22/5/2020 09:50:39	Gathering statistics
22/5/2020 09:50:39	Gathering full-text index stoplists
22/5/2020 09:50:39	Gathering search property lists
22/5/2020 09:50:39	Gathering search properties
22/5/2020 09:50:39	Gathering full-text indexes
22/5/2020 09:50:40	Gathering column store indexes
22/5/2020 09:50:40	Gathering spatial indexes
22/5/2020 09:50:40	Gathering XML indexes
22/5/2020 09:50:40	Gathering Selective XML indexes
22/5/2020 09:50:40	Gathering encrypted triggers
22/5/2020 09:50:40	Gathering triggers
22/5/2020 09:50:40	Gathering encrypted and clr ddl triggers
22/5/2020 09:50:40	Gathering ddl triggers
22/5/2020 09:50:40	Gathering synonyms
22/5/2020 09:50:40	Gathering defaults
22/5/2020 09:50:40	Gathering data constraint uddt bindings
22/5/2020 09:50:40	Gathering rules
22/5/2020 09:50:40	Gathering data constraint uddt bindings
22/5/2020 09:50:40	Gathering message types
22/5/2020 09:50:40	Gathering queues
22/5/2020 09:50:40	Gathering contracts
22/5/2020 09:50:40	Gathering services
22/5/2020 09:50:40	Gathering event notifications
22/5/2020 09:50:40	Gathering remote service bindings
22/5/2020 09:50:40	Gathering broker priorities
22/5/2020 09:50:40	Gathering signatures
22/5/2020 09:50:40	Gathering data compression options
22/5/2020 09:50:40	Gathering sequence types
22/5/2020 09:50:40	Gathering security policies
22/5/2020 09:50:40	Gather column encryption keys
22/5/2020 09:50:40	Gathering column master keys
22/5/2020 09:50:40	Gathering external data sources
22/5/2020 09:50:40	Gathering external file formats
22/5/2020 09:50:40	Gathering external tables
22/5/2020 09:50:40	Gathering extended properties
22/5/2020 09:50:40	Gathering credentials
22/5/2020 09:50:40	Gathering logins
22/5/2020 09:50:40	Gathering server audits
22/5/2020 09:50:41	Scanning project for duplicate elements
22/5/2020 09:50:41	Finished duplicate element processing
22/5/2020 09:50:41	Finished importing database.
22/5/2020 09:50:41	A summary of the import was saved to the following location: C:\Users\mdomi\source\repos\Test\Database1\Import Schema Logs\Database1_20200522125033.log
22/5/2020 09:50:41	Click Finish to continue...
